2015-08-31 22:42:48,133 [Worker-23] INFO  o.e.m.c.i.l.LifecycleMappingFactory - Using org.maven.ide.eclipse.wtp.WarLifecycleMapping lifecycle mapping for MavenProject: com.taotao:taotao-search:0.0.1-SNAPSHOT @ D:\workspaces-itcast\template\taotao-search\pom.xml.
2015-08-31 22:42:50,204 [Worker-23] INFO  o.e.m.j.i.AbstractJavaProjectConfigurator - Adding source folder /taotao-search/src/main/java
2015-08-31 22:42:50,204 [Worker-23] INFO  o.e.m.j.i.AbstractJavaProjectConfigurator - Resources folder /taotao-search/src/main/java overlaps with sources folder /taotao-search/src/main/java
2015-08-31 22:42:50,205 [Worker-23] INFO  o.e.m.j.i.AbstractJavaProjectConfigurator - Adding resource folder /taotao-search/src/main/resources
2015-08-31 22:42:50,206 [Worker-23] INFO  o.e.m.j.i.AbstractJavaProjectConfigurator - Adding source folder /taotao-search/src/test/java
2015-08-31 22:42:50,206 [Worker-23] INFO  o.e.m.j.i.AbstractJavaProjectConfigurator - Adding resource folder /taotao-search/src/test/resources
2015-08-31 22:42:51,444 [Worker-23] INFO  o.e.m.c.i.p.ProjectConfigurationManager - Imported and configured 1 project(s) in 4 sec
2015-08-31 22:42:52,227 [Worker-28] INFO  o.e.m.c.i.embedder.EclipseLogger - Using 'UTF-8' encoding to copy filtered resources.
2015-08-31 22:42:52,232 [Worker-28] INFO  o.e.m.c.i.embedder.EclipseLogger - Copying 1 resource
2015-08-31 22:42:52,242 [Worker-28] INFO  o.e.m.c.i.embedder.EclipseLogger - Copying 8 resources
2015-08-31 22:42:52,250 [Worker-28] INFO  o.e.m.c.i.embedder.EclipseLogger - Using 'UTF-8' encoding to copy filtered resources.
2015-08-31 22:42:52,250 [Worker-28] INFO  o.e.m.c.i.embedder.EclipseLogger - Copying 0 resource
2015-08-31 22:51:24,376 [Worker-29] INFO  o.e.m.c.i.embedder.EclipseLogger - Using 'UTF-8' encoding to copy filtered resources.
2015-08-31 22:51:24,377 [Worker-29] INFO  o.e.m.c.i.embedder.EclipseLogger - Copying 0 resource
2015-08-31 22:51:24,378 [Worker-29] INFO  o.e.m.c.i.embedder.EclipseLogger - Copying 1 resource
2015-08-31 22:51:24,380 [Worker-29] INFO  o.e.m.c.i.embedder.EclipseLogger - Using 'UTF-8' encoding to copy filtered resources.
2015-08-31 22:51:24,380 [Worker-29] INFO  o.e.m.c.i.embedder.EclipseLogger - Copying 0 resource
2015-08-31 22:51:50,851 [Worker-4] INFO  o.e.m.c.i.embedder.EclipseLogger - Using 'UTF-8' encoding to copy filtered resources.
2015-08-31 22:51:50,858 [Worker-4] INFO  o.e.m.c.i.embedder.EclipseLogger - Copying 1 resource
2015-08-31 22:51:50,864 [Worker-4] INFO  o.e.m.c.i.embedder.EclipseLogger - Copying 8 resources
2015-08-31 22:51:50,867 [Worker-4] INFO  o.e.m.c.i.embedder.EclipseLogger - Using 'UTF-8' encoding to copy filtered resources.
2015-08-31 22:51:50,867 [Worker-4] INFO  o.e.m.c.i.embedder.EclipseLogger - Copying 0 resource
2015-08-31 22:51:56,256 [Worker-10] INFO  o.e.m.c.i.embedder.EclipseLogger - Using 'UTF-8' encoding to copy filtered resources.
2015-08-31 22:51:56,258 [Worker-10] INFO  o.e.m.c.i.embedder.EclipseLogger - Copying 0 resource
2015-08-31 22:51:56,260 [Worker-10] INFO  o.e.m.c.i.embedder.EclipseLogger - Copying 1 resource
2015-08-31 22:51:56,266 [Worker-10] INFO  o.e.m.c.i.embedder.EclipseLogger - Using 'UTF-8' encoding to copy filtered resources.
2015-08-31 22:51:56,266 [Worker-10] INFO  o.e.m.c.i.embedder.EclipseLogger - Copying 0 resource
2015-08-31 22:56:12,219 [Worker-17] INFO  o.e.m.c.i.embedder.EclipseLogger - Using 'UTF-8' encoding to copy filtered resources.
2015-08-31 22:56:12,219 [Worker-17] INFO  o.e.m.c.i.embedder.EclipseLogger - Copying 0 resource
2015-08-31 22:56:12,220 [Worker-17] INFO  o.e.m.c.i.embedder.EclipseLogger - Copying 1 resource
2015-08-31 22:56:12,224 [Worker-17] INFO  o.e.m.c.i.embedder.EclipseLogger - Using 'UTF-8' encoding to copy filtered resources.
2015-08-31 22:56:12,225 [Worker-17] INFO  o.e.m.c.i.embedder.EclipseLogger - Copying 0 resource
2015-08-31 22:57:31,221 [Worker-20] INFO  o.e.m.c.i.embedder.EclipseLogger - Using 'UTF-8' encoding to copy filtered resources.
2015-08-31 22:57:31,221 [Worker-20] INFO  o.e.m.c.i.embedder.EclipseLogger - Copying 0 resource
2015-08-31 22:57:31,221 [Worker-20] INFO  o.e.m.c.i.embedder.EclipseLogger - Copying 2 resources
2015-08-31 22:57:31,224 [Worker-20] INFO  o.e.m.c.i.embedder.EclipseLogger - Using 'UTF-8' encoding to copy filtered resources.
2015-08-31 22:57:31,224 [Worker-20] INFO  o.e.m.c.i.embedder.EclipseLogger - Copying 0 resource
